2026-06-06T12:26:42.292+05:30  INFO 7080 --- [ChannelService] [main] c.c.C.ChannelServiceApplication          : Starting ChannelServiceApplication using Java 25 with PID 7080 (C:\Users\ASHUTOSH TIWARI\OneDrive\Desktop\Task\Projects\ChatApplication\ChannelService\ChannelService\target\classes started by ASHUTOSH TIWARI in C:\Users\ASHUTOSH TIWARI\OneDrive\Desktop\Task\Projects\ChatApplication\ChannelService)
2026-06-06T12:26:42.296+05:30  INFO 7080 --- [ChannelService] [main] c.c.C.ChannelServiceApplication          : No active profile set, falling back to 1 default profile: "default"
2026-06-06T12:26:43.407+05:30  INFO 7080 --- [ChannelService] [main] .s.d.r.c.RepositoryConfigurationDelegate : Bootstrapping Spring Data JPA repositories in DEFAULT mode.
2026-06-06T12:26:43.500+05:30  INFO 7080 --- [ChannelService] [main] .s.d.r.c.RepositoryConfigurationDelegate : Finished Spring Data repository scanning in 76 ms. Found 1 JPA repository interface.
2026-06-06T12:26:44.372+05:30  INFO 7080 --- [ChannelService] [main] o.s.boot.tomcat.TomcatWebServer          : Tomcat initialized with port 8081 (http)
2026-06-06T12:26:44.392+05:30  INFO 7080 --- [ChannelService] [main] o.apache.catalina.core.StandardService   : Starting service [Tomcat]
2026-06-06T12:26:44.392+05:30  INFO 7080 --- [ChannelService] [main] o.apache.catalina.core.StandardEngine    : Starting Servlet engine: [Apache Tomcat/11.0.21]
2026-06-06T12:26:44.468+05:30  INFO 7080 --- [ChannelService] [main] b.w.c.s.WebApplicationContextInitializer : Root WebApplicationContext: initialization completed in 2098 ms
2026-06-06T12:26:44.750+05:30  INFO 7080 --- [ChannelService] [main] org.hibernate.orm.jpa                    : HHH008540: Processing PersistenceUnitInfo [name: default]
2026-06-06T12:26:44.844+05:30  INFO 7080 --- [ChannelService] [main] org.hibernate.orm.core                   : HHH000001: Hibernate ORM core version 7.2.12.Final
2026-06-06T12:26:45.693+05:30  INFO 7080 --- [ChannelService] [main] o.s.o.j.p.SpringPersistenceUnitInfo      : No LoadTimeWeaver setup: ignoring JPA class transformer
2026-06-06T12:26:45.735+05:30  INFO 7080 --- [ChannelService] [main] com.zaxxer.hikari.HikariDataSource       : HikariPool-1 - Starting...
2026-06-06T12:26:46.332+05:30  INFO 7080 --- [ChannelService] [main] com.zaxxer.hikari.pool.HikariPool        : HikariPool-1 - Added connection com.mysql.cj.jdbc.ConnectionImpl@d978ab9
2026-06-06T12:26:46.335+05:30  INFO 7080 --- [ChannelService] [main] com.zaxxer.hikari.HikariDataSource       : HikariPool-1 - Start completed.
2026-06-06T12:26:46.464+05:30  INFO 7080 --- [ChannelService] [main] org.hibernate.orm.connections.pooling    : HHH10001005: Database info:
	Database JDBC URL [jdbc:mysql://127.0.0.1:3306/channels]
	Database driver: MySQL Connector/J
	Database dialect: MySQLDialect
	Database version: 9.0.1
	Default catalog/schema: channels/undefined
	Autocommit mode: undefined/unknown
	Isolation level: REPEATABLE_READ [default REPEATABLE_READ]
	JDBC fetch size: none
	Pool: DataSourceConnectionProvider
	Minimum pool size: undefined/unknown
	Maximum pool size: undefined/unknown
2026-06-06T12:26:47.453+05:30  INFO 7080 --- [ChannelService] [main] org.hibernate.orm.core                   : HHH000489: No JTA platform available (set 'hibernate.transaction.jta.platform' to enable JTA platform integration)
2026-06-06T12:26:47.540+05:30  INFO 7080 --- [ChannelService] [main] j.LocalContainerEntityManagerFactoryBean : Initialized JPA EntityManagerFactory for persistence unit 'default'
2026-06-06T12:26:47.760+05:30  INFO 7080 --- [ChannelService] [main] o.s.d.j.r.query.QueryEnhancerFactories   : Hibernate is in classpath; If applicable, HQL parser will be used.
2026-06-06T12:26:48.083+05:30  WARN 7080 --- [ChannelService] [main] JpaBaseConfiguration$JpaWebConfiguration : spring.jpa.open-in-view is enabled by default. Therefore, database queries may be performed during view rendering. Explicitly configure spring.jpa.open-in-view to disable this warning
2026-06-06T12:26:48.643+05:30  INFO 7080 --- [ChannelService] [main] o.s.boot.tomcat.TomcatWebServer          : Tomcat started on port 8081 (http) with context path '/'
2026-06-06T12:26:48.651+05:30  INFO 7080 --- [ChannelService] [main] c.c.C.ChannelServiceApplication          : Started ChannelServiceApplication in 7.045 seconds (process running for 11.443)
2026-06-06T12:28:00.836+05:30  INFO 7080 --- [ChannelService] [http-nio-8081-exec-1] o.a.c.c.C.[Tomcat].[localhost].[/]       : Initializing Spring DispatcherServlet 'dispatcherServlet'
2026-06-06T12:28:00.836+05:30  INFO 7080 --- [ChannelService] [http-nio-8081-exec-1] o.s.web.servlet.DispatcherServlet        : Initializing Servlet 'dispatcherServlet'
2026-06-06T12:28:00.837+05:30  INFO 7080 --- [ChannelService] [http-nio-8081-exec-1] o.s.web.servlet.DispatcherServlet        : Completed initialization in 1 ms
2026-06-06T12:28:01.044+05:30  INFO 7080 --- [ChannelService] [http-nio-8081-exec-1] c.c.ChannelService.AOP.ChannelAspect     : Entering function class com.channelService.ChannelService.Controller.ChannelController.createChannel with args = [Channel(id=null, name=Traditional, description=Traditional discussion in this group., unread=3)]
2026-06-06T12:28:01.044+05:30  INFO 7080 --- [ChannelService] [http-nio-8081-exec-1] c.c.ChannelService.AOP.ChannelAspect     : Entering function class com.channelService.ChannelService.Service.ChannelService.createChannel with args = [Channel(id=null, name=Traditional, description=Traditional discussion in this group., unread=3)]
2026-06-06T12:28:01.219+05:30  INFO 7080 --- [ChannelService] [http-nio-8081-exec-1] c.c.ChannelService.AOP.ChannelAspect     : No exception
2026-06-06T12:28:01.220+05:30  INFO 7080 --- [ChannelService] [http-nio-8081-exec-1] c.c.ChannelService.AOP.ChannelAspect     : Method End
2026-06-06T12:28:01.220+05:30  INFO 7080 --- [ChannelService] [http-nio-8081-exec-1] c.c.ChannelService.AOP.ChannelAspect     : No exception
2026-06-06T12:28:01.220+05:30  INFO 7080 --- [ChannelService] [http-nio-8081-exec-1] c.c.ChannelService.AOP.ChannelAspect     : Method End
